<?xml version="1.0" encoding="UTF-8"?>
<!-- Generated by org.testng.reporters.JUnitXMLReporter -->
<testsuite ignored="0" hostname="DESKTOP-20FUL3E" failures="1" tests="1" name="Test(failed)" time="35.224" errors="0" timestamp="2024-01-16T17:34:39 IST">
  <testcase classname="com.inetbanking.tetscases.TC_AddCustomer_003" name="addNewCustomer" time="27.48">
    <failure type="java.lang.AssertionError">
      <![CDATA[java.lang.AssertionError
at org.junit.Assert.fail(Assert.java:86)
at org.junit.Assert.assertTrue(Assert.java:41)
at org.junit.Assert.assertTrue(Assert.java:52)
at com.inetbanking.tetscases.TC_AddCustomer_003.addNewCustomer(TC_AddCustomer_003.java:48)
at java.base/java.util.ArrayList.forEach(ArrayList.java:1511)
... Removed 27 stack frames]]>
    </failure>
  </testcase> <!-- addNewCustomer -->
</testsuite> <!-- Test(failed) -->
